<?xml version="1.0" encoding="UTF-8"?>
<coverage generated="1764003234350" clover="3.2.0">
  <project timestamp="1764003234350" name="All files">
    <metrics statements="111" coveredstatements="111" conditionals="56" coveredconditionals="56" methods="8" coveredmethods="8" elements="175" coveredelements="175" complexity="0" loc="111" ncloc="111" packages="1" files="1" classes="1"/>
    <file name="corrida-metodo.js" path="C:\Users\luann\OneDrive\Área de Trabalho\Corrida Maluca\src\corrida-metodo.js">
      <metrics statements="111" coveredstatements="111" conditionals="56" coveredconditionals="56" methods="8" coveredmethods="8"/>
      <line num="2" count="5" type="stmt"/>
      <line num="3" count="5" type="stmt"/>
      <line num="7" count="9" type="stmt"/>
      <line num="8" count="9" type="stmt"/>
      <line num="10" count="9" type="stmt"/>
      <line num="11" count="19" type="stmt"/>
      <line num="12" count="19" type="stmt"/>
      <line num="13" count="19" type="stmt"/>
      <line num="14" count="19" type="stmt"/>
      <line num="15" count="19" type="stmt"/>
      <line num="17" count="19" type="cond" truecount="2" falsecount="0"/>
      <line num="18" count="9" type="stmt"/>
      <line num="19" count="9" type="stmt"/>
      <line num="20" count="9" type="stmt"/>
      <line num="23" count="9" type="stmt"/>
      <line num="27" count="146" type="stmt"/>
      <line num="28" count="318" type="cond" truecount="2" falsecount="0"/>
      <line num="29" count="7" type="cond" truecount="4" falsecount="0"/>
      <line num="30" count="4" type="stmt"/>
      <line num="31" count="4" type="stmt"/>
      <line num="32" count="4" type="stmt"/>
      <line num="33" count="4" type="stmt"/>
      <line num="37" count="318" type="cond" truecount="2" falsecount="0"/>
      <line num="38" count="9" type="cond" truecount="4" falsecount="0"/>
      <line num="39" count="2" type="stmt"/>
      <line num="40" count="2" type="stmt"/>
      <line num="41" count="2" type="stmt"/>
      <line num="42" count="2" type="stmt"/>
      <line num="46" count="146" type="stmt"/>
      <line num="50" count="149" type="cond" truecount="2" falsecount="0"/>
      <line num="52" count="4" type="cond" truecount="2" falsecount="0"/>
      <line num="53" count="1" type="stmt"/>
      <line num="55" count="3" type="stmt"/>
      <line num="57" count="4" type="cond" truecount="2" falsecount="0"/>
      <line num="58" count="3" type="stmt"/>
      <line num="60" count="1" type="stmt"/>
      <line num="62" count="4" type="cond" truecount="2" falsecount="0"/>
      <line num="63" count="1" type="stmt"/>
      <line num="65" count="3" type="stmt"/>
      <line num="67" count="4" type="stmt"/>
      <line num="70" count="149" type="cond" truecount="2" falsecount="0"/>
      <line num="71" count="5" type="cond" truecount="2" falsecount="0"/>
      <line num="72" count="1" type="stmt"/>
      <line num="74" count="4" type="stmt"/>
      <line num="76" count="5" type="cond" truecount="2" falsecount="0"/>
      <line num="77" count="1" type="stmt"/>
      <line num="79" count="4" type="stmt"/>
      <line num="81" count="5" type="cond" truecount="2" falsecount="0"/>
      <line num="83" count="1" type="stmt"/>
      <line num="86" count="4" type="stmt"/>
      <line num="88" count="5" type="stmt"/>
      <line num="90" count="149" type="stmt"/>
      <line num="94" count="149" type="cond" truecount="2" falsecount="0"/>
      <line num="95" count="3" type="stmt"/>
      <line num="97" count="149" type="cond" truecount="2" falsecount="0"/>
      <line num="98" count="3" type="stmt"/>
      <line num="100" count="149" type="cond" truecount="2" falsecount="0"/>
      <line num="101" count="2" type="stmt"/>
      <line num="103" count="149" type="stmt"/>
      <line num="107" count="146" type="cond" truecount="4" falsecount="0"/>
      <line num="108" count="1" type="stmt"/>
      <line num="109" count="1" type="stmt"/>
      <line num="110" count="1" type="stmt"/>
      <line num="111" count="1" type="stmt"/>
      <line num="113" count="146" type="stmt"/>
      <line num="118" count="146" type="stmt"/>
      <line num="119" count="292" type="cond" truecount="2" falsecount="0"/>
      <line num="120" count="117" type="cond" truecount="2" falsecount="0"/>
      <line num="121" count="30" type="stmt"/>
      <line num="122" count="30" type="stmt"/>
      <line num="123" count="66" type="cond" truecount="2" falsecount="0"/>
      <line num="124" count="36" type="cond" truecount="2" falsecount="0"/>
      <line num="125" count="18" type="stmt"/>
      <line num="126" count="18" type="stmt"/>
      <line num="127" count="18" type="stmt"/>
      <line num="134" count="146" type="stmt"/>
      <line num="139" count="7" type="stmt"/>
      <line num="140" count="7" type="stmt"/>
      <line num="141" count="7" type="stmt"/>
      <line num="143" count="7" type="stmt"/>
      <line num="145" count="7" type="stmt"/>
      <line num="147" count="69" type="stmt"/>
      <line num="149" count="146" type="cond" truecount="2" falsecount="0"/>
      <line num="150" count="60" type="stmt"/>
      <line num="151" count="60" type="stmt"/>
      <line num="152" count="60" type="stmt"/>
      <line num="153" count="60" type="stmt"/>
      <line num="154" count="60" type="stmt"/>
      <line num="155" count="60" type="stmt"/>
      <line num="157" count="86" type="cond" truecount="2" falsecount="0"/>
      <line num="158" count="31" type="stmt"/>
      <line num="159" count="31" type="stmt"/>
      <line num="160" count="31" type="stmt"/>
      <line num="161" count="31" type="stmt"/>
      <line num="162" count="31" type="stmt"/>
      <line num="163" count="31" type="stmt"/>
      <line num="166" count="55" type="stmt"/>
      <line num="167" count="55" type="stmt"/>
      <line num="168" count="55" type="stmt"/>
      <line num="169" count="55" type="stmt"/>
      <line num="170" count="55" type="stmt"/>
      <line num="171" count="55" type="stmt"/>
      <line num="174" count="146" type="cond" truecount="2" falsecount="0"/>
      <line num="175" count="7" type="stmt"/>
      <line num="176" count="7" type="stmt"/>
      <line num="178" count="7" type="stmt"/>
      <line num="180" count="7" type="stmt"/>
      <line num="183" count="62" type="cond" truecount="2" falsecount="0"/>
      <line num="184" count="9" type="stmt"/>
      <line num="186" count="62" type="stmt"/>
      <line num="187" count="62" type="stmt"/>
    </file>
  </project>
</coverage>
