{"C:\\Users\\luann\\OneDrive\\Área de Trabalho\\Corrida Maluca\\src\\corrida-metodo.js": {"path":"C:\\Users\\luann\\OneDrive\\Área de Trabalho\\Corrida Maluca\\src\\corrida-metodo.js","statementMap":{"0":{"start":{"line":2,"column":2},"end":{"line":2,"column":28}},"1":{"start":{"line":3,"column":2},"end":{"line":3,"column":30}},"2":{"start":{"line":7,"column":15},"end":{"line":7,"column":27}},"3":{"start":{"line":8,"column":13},"end":{"line":8,"column":14}},"4":{"start":{"line":10,"column":2},"end":{"line":22,"column":3}},"5":{"start":{"line":10,"column":14},"end":{"line":10,"column":15}},"6":{"start":{"line":11,"column":6},"end":{"line":11,"column":70}},"7":{"start":{"line":12,"column":6},"end":{"line":12,"column":60}},"8":{"start":{"line":13,"column":6},"end":{"line":13,"column":70}},"9":{"start":{"line":14,"column":6},"end":{"line":14,"column":32}},"10":{"start":{"line":15,"column":6},"end":{"line":15,"column":35}},"11":{"start":{"line":17,"column":6},"end":{"line":21,"column":7}},"12":{"start":{"line":18,"column":10},"end":{"line":18,"column":72}},"13":{"start":{"line":19,"column":10},"end":{"line":19,"column":62}},"14":{"start":{"line":20,"column":10},"end":{"line":20,"column":72}},"15":{"start":{"line":23,"column":2},"end":{"line":23,"column":20}},"16":{"start":{"line":27,"column":2},"end":{"line":45,"column":3}},"17":{"start":{"line":27,"column":14},"end":{"line":27,"column":15}},"18":{"start":{"line":28,"column":6},"end":{"line":35,"column":7}},"19":{"start":{"line":29,"column":10},"end":{"line":34,"column":11}},"20":{"start":{"line":30,"column":14},"end":{"line":30,"column":39}},"21":{"start":{"line":31,"column":14},"end":{"line":31,"column":34}},"22":{"start":{"line":32,"column":14},"end":{"line":32,"column":39}},"23":{"start":{"line":33,"column":14},"end":{"line":33,"column":45}},"24":{"start":{"line":37,"column":6},"end":{"line":44,"column":7}},"25":{"start":{"line":38,"column":10},"end":{"line":43,"column":11}},"26":{"start":{"line":39,"column":14},"end":{"line":39,"column":41}},"27":{"start":{"line":40,"column":14},"end":{"line":40,"column":36}},"28":{"start":{"line":41,"column":14},"end":{"line":41,"column":41}},"29":{"start":{"line":42,"column":14},"end":{"line":42,"column":48}},"30":{"start":{"line":46,"column":2},"end":{"line":46,"column":19}},"31":{"start":{"line":50,"column":2},"end":{"line":68,"column":3}},"32":{"start":{"line":52,"column":6},"end":{"line":56,"column":7}},"33":{"start":{"line":53,"column":10},"end":{"line":53,"column":35}},"34":{"start":{"line":55,"column":10},"end":{"line":55,"column":36}},"35":{"start":{"line":57,"column":6},"end":{"line":61,"column":7}},"36":{"start":{"line":58,"column":10},"end":{"line":58,"column":30}},"37":{"start":{"line":60,"column":6},"end":{"line":60,"column":27}},"38":{"start":{"line":62,"column":6},"end":{"line":66,"column":7}},"39":{"start":{"line":63,"column":10},"end":{"line":63,"column":35}},"40":{"start":{"line":65,"column":10},"end":{"line":65,"column":36}},"41":{"start":{"line":67,"column":6},"end":{"line":67,"column":45}},"42":{"start":{"line":70,"column":2},"end":{"line":89,"column":3}},"43":{"start":{"line":71,"column":6},"end":{"line":75,"column":7}},"44":{"start":{"line":72,"column":10},"end":{"line":72,"column":35}},"45":{"start":{"line":74,"column":10},"end":{"line":74,"column":37}},"46":{"start":{"line":76,"column":6},"end":{"line":80,"column":7}},"47":{"start":{"line":77,"column":10},"end":{"line":77,"column":30}},"48":{"start":{"line":79,"column":10},"end":{"line":79,"column":32}},"49":{"start":{"line":81,"column":6},"end":{"line":87,"column":7}},"50":{"start":{"line":83,"column":10},"end":{"line":83,"column":35}},"51":{"start":{"line":86,"column":10},"end":{"line":86,"column":37}},"52":{"start":{"line":88,"column":6},"end":{"line":88,"column":42}},"53":{"start":{"line":90,"column":2},"end":{"line":90,"column":19}},"54":{"start":{"line":94,"column":2},"end":{"line":96,"column":3}},"55":{"start":{"line":95,"column":6},"end":{"line":95,"column":32}},"56":{"start":{"line":97,"column":2},"end":{"line":99,"column":3}},"57":{"start":{"line":98,"column":6},"end":{"line":98,"column":27}},"58":{"start":{"line":100,"column":2},"end":{"line":102,"column":3}},"59":{"start":{"line":101,"column":6},"end":{"line":101,"column":32}},"60":{"start":{"line":103,"column":2},"end":{"line":103,"column":20}},"61":{"start":{"line":107,"column":2},"end":{"line":112,"column":3}},"62":{"start":{"line":108,"column":6},"end":{"line":108,"column":45}},"63":{"start":{"line":109,"column":6},"end":{"line":109,"column":32}},"64":{"start":{"line":110,"column":6},"end":{"line":110,"column":27}},"65":{"start":{"line":111,"column":6},"end":{"line":111,"column":32}},"66":{"start":{"line":113,"column":2},"end":{"line":113,"column":20}},"67":{"start":{"line":118,"column":2},"end":{"line":133,"column":3}},"68":{"start":{"line":118,"column":14},"end":{"line":118,"column":15}},"69":{"start":{"line":119,"column":6},"end":{"line":132,"column":7}},"70":{"start":{"line":120,"column":10},"end":{"line":131,"column":11}},"71":{"start":{"line":121,"column":14},"end":{"line":121,"column":40}},"72":{"start":{"line":122,"column":14},"end":{"line":130,"column":15}},"73":{"start":{"line":122,"column":26},"end":{"line":122,"column":27}},"74":{"start":{"line":123,"column":18},"end":{"line":129,"column":19}},"75":{"start":{"line":124,"column":22},"end":{"line":128,"column":21}},"76":{"start":{"line":125,"column":26},"end":{"line":125,"column":56}},"77":{"start":{"line":126,"column":26},"end":{"line":126,"column":51}},"78":{"start":{"line":127,"column":26},"end":{"line":127,"column":56}},"79":{"start":{"line":134,"column":2},"end":{"line":134,"column":20}},"80":{"start":{"line":139,"column":15},"end":{"line":139,"column":16}},"81":{"start":{"line":140,"column":20},"end":{"line":140,"column":24}},"82":{"start":{"line":141,"column":20},"end":{"line":141,"column":21}},"83":{"start":{"line":143,"column":2},"end":{"line":143,"column":42}},"84":{"start":{"line":145,"column":2},"end":{"line":188,"column":3}},"85":{"start":{"line":147,"column":6},"end":{"line":182,"column":7}},"86":{"start":{"line":147,"column":18},"end":{"line":147,"column":19}},"87":{"start":{"line":149,"column":10},"end":{"line":172,"column":11}},"88":{"start":{"line":150,"column":14},"end":{"line":150,"column":65}},"89":{"start":{"line":151,"column":14},"end":{"line":151,"column":48}},"90":{"start":{"line":152,"column":14},"end":{"line":152,"column":65}},"91":{"start":{"line":153,"column":14},"end":{"line":153,"column":49}},"92":{"start":{"line":154,"column":14},"end":{"line":154,"column":67}},"93":{"start":{"line":155,"column":14},"end":{"line":155,"column":58}},"94":{"start":{"line":157,"column":15},"end":{"line":172,"column":11}},"95":{"start":{"line":158,"column":14},"end":{"line":158,"column":65}},"96":{"start":{"line":159,"column":14},"end":{"line":159,"column":48}},"97":{"start":{"line":160,"column":14},"end":{"line":160,"column":60}},"98":{"start":{"line":161,"column":14},"end":{"line":161,"column":49}},"99":{"start":{"line":162,"column":14},"end":{"line":162,"column":67}},"100":{"start":{"line":163,"column":14},"end":{"line":163,"column":58}},"101":{"start":{"line":166,"column":14},"end":{"line":166,"column":65}},"102":{"start":{"line":167,"column":14},"end":{"line":167,"column":48}},"103":{"start":{"line":168,"column":14},"end":{"line":168,"column":65}},"104":{"start":{"line":169,"column":14},"end":{"line":169,"column":49}},"105":{"start":{"line":170,"column":14},"end":{"line":170,"column":67}},"106":{"start":{"line":171,"column":14},"end":{"line":171,"column":58}},"107":{"start":{"line":174,"column":10},"end":{"line":181,"column":11}},"108":{"start":{"line":175,"column":14},"end":{"line":175,"column":52}},"109":{"start":{"line":176,"column":14},"end":{"line":176,"column":48}},"110":{"start":{"line":178,"column":14},"end":{"line":178,"column":33}},"111":{"start":{"line":180,"column":14},"end":{"line":180,"column":32}},"112":{"start":{"line":183,"column":6},"end":{"line":185,"column":7}},"113":{"start":{"line":184,"column":10},"end":{"line":184,"column":25}},"114":{"start":{"line":186,"column":6},"end":{"line":186,"column":17}},"115":{"start":{"line":187,"column":6},"end":{"line":187,"column":22}}},"fnMap":{"0":{"name":"setarAliadoEInimigo","decl":{"start":{"line":1,"column":16},"end":{"line":1,"column":35}},"loc":{"start":{"line":1,"column":64},"end":{"line":4,"column":1}},"line":1},"1":{"name":"calculoBuffsEDebuffs","decl":{"start":{"line":6,"column":16},"end":{"line":6,"column":36}},"loc":{"start":{"line":6,"column":56},"end":{"line":24,"column":1}},"line":6},"2":{"name":"calcularAliadoEInimigo","decl":{"start":{"line":26,"column":16},"end":{"line":26,"column":38}},"loc":{"start":{"line":26,"column":63},"end":{"line":47,"column":1}},"line":26},"3":{"name":"resetAliadoEInimigo","decl":{"start":{"line":49,"column":16},"end":{"line":49,"column":35}},"loc":{"start":{"line":49,"column":47},"end":{"line":91,"column":1}},"line":49},"4":{"name":"prevencaoAtributos","decl":{"start":{"line":93,"column":16},"end":{"line":93,"column":34}},"loc":{"start":{"line":93,"column":47},"end":{"line":104,"column":1}},"line":93},"5":{"name":"bloquearDickVigarista","decl":{"start":{"line":106,"column":16},"end":{"line":106,"column":37}},"loc":{"start":{"line":106,"column":57},"end":{"line":115,"column":1}},"line":106},"6":{"name":"buffsPosicaoPista","decl":{"start":{"line":117,"column":16},"end":{"line":117,"column":33}},"loc":{"start":{"line":117,"column":65},"end":{"line":136,"column":1}},"line":117},"7":{"name":"corrida","decl":{"start":{"line":137,"column":16},"end":{"line":137,"column":23}},"loc":{"start":{"line":137,"column":43},"end":{"line":189,"column":1}},"line":137}},"branchMap":{"0":{"loc":{"start":{"line":17,"column":6},"end":{"line":21,"column":7}},"type":"if","locations":[{"start":{"line":17,"column":6},"end":{"line":21,"column":7}},{"start":{},"end":{}}],"line":17},"1":{"loc":{"start":{"line":28,"column":6},"end":{"line":35,"column":7}},"type":"if","locations":[{"start":{"line":28,"column":6},"end":{"line":35,"column":7}},{"start":{},"end":{}}],"line":28},"2":{"loc":{"start":{"line":29,"column":10},"end":{"line":34,"column":11}},"type":"if","locations":[{"start":{"line":29,"column":10},"end":{"line":34,"column":11}},{"start":{},"end":{}}],"line":29},"3":{"loc":{"start":{"line":29,"column":13},"end":{"line":29,"column":114}},"type":"binary-expr","locations":[{"start":{"line":29,"column":13},"end":{"line":29,"column":61}},{"start":{"line":29,"column":65},"end":{"line":29,"column":114}}],"line":29},"4":{"loc":{"start":{"line":37,"column":6},"end":{"line":44,"column":7}},"type":"if","locations":[{"start":{"line":37,"column":6},"end":{"line":44,"column":7}},{"start":{},"end":{}}],"line":37},"5":{"loc":{"start":{"line":38,"column":10},"end":{"line":43,"column":11}},"type":"if","locations":[{"start":{"line":38,"column":10},"end":{"line":43,"column":11}},{"start":{},"end":{}}],"line":38},"6":{"loc":{"start":{"line":38,"column":13},"end":{"line":38,"column":114}},"type":"binary-expr","locations":[{"start":{"line":38,"column":13},"end":{"line":38,"column":61}},{"start":{"line":38,"column":65},"end":{"line":38,"column":114}}],"line":38},"7":{"loc":{"start":{"line":50,"column":2},"end":{"line":68,"column":3}},"type":"if","locations":[{"start":{"line":50,"column":2},"end":{"line":68,"column":3}},{"start":{},"end":{}}],"line":50},"8":{"loc":{"start":{"line":52,"column":6},"end":{"line":56,"column":7}},"type":"if","locations":[{"start":{"line":52,"column":6},"end":{"line":56,"column":7}},{"start":{"line":54,"column":11},"end":{"line":56,"column":7}}],"line":52},"9":{"loc":{"start":{"line":57,"column":6},"end":{"line":61,"column":7}},"type":"if","locations":[{"start":{"line":57,"column":6},"end":{"line":61,"column":7}},{"start":{"line":59,"column":11},"end":{"line":61,"column":7}}],"line":57},"10":{"loc":{"start":{"line":62,"column":6},"end":{"line":66,"column":7}},"type":"if","locations":[{"start":{"line":62,"column":6},"end":{"line":66,"column":7}},{"start":{"line":64,"column":11},"end":{"line":66,"column":7}}],"line":62},"11":{"loc":{"start":{"line":70,"column":2},"end":{"line":89,"column":3}},"type":"if","locations":[{"start":{"line":70,"column":2},"end":{"line":89,"column":3}},{"start":{},"end":{}}],"line":70},"12":{"loc":{"start":{"line":71,"column":6},"end":{"line":75,"column":7}},"type":"if","locations":[{"start":{"line":71,"column":6},"end":{"line":75,"column":7}},{"start":{"line":73,"column":11},"end":{"line":75,"column":7}}],"line":71},"13":{"loc":{"start":{"line":76,"column":6},"end":{"line":80,"column":7}},"type":"if","locations":[{"start":{"line":76,"column":6},"end":{"line":80,"column":7}},{"start":{"line":78,"column":11},"end":{"line":80,"column":7}}],"line":76},"14":{"loc":{"start":{"line":81,"column":6},"end":{"line":87,"column":7}},"type":"if","locations":[{"start":{"line":81,"column":6},"end":{"line":87,"column":7}},{"start":{"line":84,"column":11},"end":{"line":87,"column":7}}],"line":81},"15":{"loc":{"start":{"line":94,"column":2},"end":{"line":96,"column":3}},"type":"if","locations":[{"start":{"line":94,"column":2},"end":{"line":96,"column":3}},{"start":{},"end":{}}],"line":94},"16":{"loc":{"start":{"line":97,"column":2},"end":{"line":99,"column":3}},"type":"if","locations":[{"start":{"line":97,"column":2},"end":{"line":99,"column":3}},{"start":{},"end":{}}],"line":97},"17":{"loc":{"start":{"line":100,"column":2},"end":{"line":102,"column":3}},"type":"if","locations":[{"start":{"line":100,"column":2},"end":{"line":102,"column":3}},{"start":{},"end":{}}],"line":100},"18":{"loc":{"start":{"line":107,"column":2},"end":{"line":112,"column":3}},"type":"if","locations":[{"start":{"line":107,"column":2},"end":{"line":112,"column":3}},{"start":{},"end":{}}],"line":107},"19":{"loc":{"start":{"line":107,"column":5},"end":{"line":107,"column":82}},"type":"binary-expr","locations":[{"start":{"line":107,"column":5},"end":{"line":107,"column":42}},{"start":{"line":107,"column":46},"end":{"line":107,"column":82}}],"line":107},"20":{"loc":{"start":{"line":119,"column":6},"end":{"line":132,"column":7}},"type":"if","locations":[{"start":{"line":119,"column":6},"end":{"line":132,"column":7}},{"start":{},"end":{}}],"line":119},"21":{"loc":{"start":{"line":120,"column":10},"end":{"line":131,"column":11}},"type":"if","locations":[{"start":{"line":120,"column":10},"end":{"line":131,"column":11}},{"start":{},"end":{}}],"line":120},"22":{"loc":{"start":{"line":123,"column":18},"end":{"line":129,"column":19}},"type":"if","locations":[{"start":{"line":123,"column":18},"end":{"line":129,"column":19}},{"start":{},"end":{}}],"line":123},"23":{"loc":{"start":{"line":124,"column":22},"end":{"line":128,"column":21}},"type":"if","locations":[{"start":{"line":124,"column":22},"end":{"line":128,"column":21}},{"start":{},"end":{}}],"line":124},"24":{"loc":{"start":{"line":149,"column":10},"end":{"line":172,"column":11}},"type":"if","locations":[{"start":{"line":149,"column":10},"end":{"line":172,"column":11}},{"start":{"line":157,"column":15},"end":{"line":172,"column":11}}],"line":149},"25":{"loc":{"start":{"line":157,"column":15},"end":{"line":172,"column":11}},"type":"if","locations":[{"start":{"line":157,"column":15},"end":{"line":172,"column":11}},{"start":{"line":165,"column":15},"end":{"line":172,"column":11}}],"line":157},"26":{"loc":{"start":{"line":174,"column":10},"end":{"line":181,"column":11}},"type":"if","locations":[{"start":{"line":174,"column":10},"end":{"line":181,"column":11}},{"start":{},"end":{}}],"line":174},"27":{"loc":{"start":{"line":183,"column":6},"end":{"line":185,"column":7}},"type":"if","locations":[{"start":{"line":183,"column":6},"end":{"line":185,"column":7}},{"start":{},"end":{}}],"line":183}},"s":{"0":5,"1":5,"2":9,"3":9,"4":9,"5":9,"6":19,"7":19,"8":19,"9":19,"10":19,"11":19,"12":9,"13":9,"14":9,"15":9,"16":146,"17":146,"18":318,"19":7,"20":4,"21":4,"22":4,"23":4,"24":318,"25":9,"26":2,"27":2,"28":2,"29":2,"30":146,"31":149,"32":4,"33":1,"34":3,"35":4,"36":3,"37":1,"38":4,"39":1,"40":3,"41":4,"42":149,"43":5,"44":1,"45":4,"46":5,"47":1,"48":4,"49":5,"50":1,"51":4,"52":5,"53":149,"54":149,"55":3,"56":149,"57":3,"58":149,"59":2,"60":149,"61":146,"62":1,"63":1,"64":1,"65":1,"66":146,"67":146,"68":146,"69":292,"70":117,"71":30,"72":30,"73":30,"74":66,"75":36,"76":18,"77":18,"78":18,"79":146,"80":7,"81":7,"82":7,"83":7,"84":7,"85":69,"86":69,"87":146,"88":60,"89":60,"90":60,"91":60,"92":60,"93":60,"94":86,"95":31,"96":31,"97":31,"98":31,"99":31,"100":31,"101":55,"102":55,"103":55,"104":55,"105":55,"106":55,"107":146,"108":7,"109":7,"110":7,"111":7,"112":62,"113":9,"114":62,"115":62},"f":{"0":5,"1":9,"2":146,"3":149,"4":149,"5":146,"6":146,"7":7},"b":{"0":[9,10],"1":[7,311],"2":[4,3],"3":[7,4],"4":[9,309],"5":[2,7],"6":[9,2],"7":[4,145],"8":[1,3],"9":[3,1],"10":[1,3],"11":[5,144],"12":[1,4],"13":[1,4],"14":[1,4],"15":[3,146],"16":[3,146],"17":[2,147],"18":[1,145],"19":[146,69],"20":[117,175],"21":[30,87],"22":[36,30],"23":[18,18],"24":[60,86],"25":[31,55],"26":[7,139],"27":[9,53]},"_coverageSchema":"1a1c01bbd47fc00a2c39e90264f33305004495a9","hash":"425664010124a13aff981a3a7973c8fe0f95d458"}
}
