TN:
SF:src\corrida-metodo.js
FN:1,setarAliadoEInimigo
FN:6,calculoBuffsEDebuffs
FN:26,calcularAliadoEInimigo
FN:49,resetAliadoEInimigo
FN:93,prevencaoAtributos
FN:106,bloquearDickVigarista
FN:117,buffsPosicaoPista
FN:137,corrida
FNF:8
FNH:8
FNDA:5,setarAliadoEInimigo
FNDA:9,calculoBuffsEDebuffs
FNDA:146,calcularAliadoEInimigo
FNDA:149,resetAliadoEInimigo
FNDA:149,prevencaoAtributos
FNDA:146,bloquearDickVigarista
FNDA:146,buffsPosicaoPista
FNDA:7,corrida
DA:2,5
DA:3,5
DA:7,9
DA:8,9
DA:10,9
DA:11,19
DA:12,19
DA:13,19
DA:14,19
DA:15,19
DA:17,19
DA:18,9
DA:19,9
DA:20,9
DA:23,9
DA:27,146
DA:28,318
DA:29,7
DA:30,4
DA:31,4
DA:32,4
DA:33,4
DA:37,318
DA:38,9
DA:39,2
DA:40,2
DA:41,2
DA:42,2
DA:46,146
DA:50,149
DA:52,4
DA:53,1
DA:55,3
DA:57,4
DA:58,3
DA:60,1
DA:62,4
DA:63,1
DA:65,3
DA:67,4
DA:70,149
DA:71,5
DA:72,1
DA:74,4
DA:76,5
DA:77,1
DA:79,4
DA:81,5
DA:83,1
DA:86,4
DA:88,5
DA:90,149
DA:94,149
DA:95,3
DA:97,149
DA:98,3
DA:100,149
DA:101,2
DA:103,149
DA:107,146
DA:108,1
DA:109,1
DA:110,1
DA:111,1
DA:113,146
DA:118,146
DA:119,292
DA:120,117
DA:121,30
DA:122,30
DA:123,66
DA:124,36
DA:125,18
DA:126,18
DA:127,18
DA:134,146
DA:139,7
DA:140,7
DA:141,7
DA:143,7
DA:145,7
DA:147,69
DA:149,146
DA:150,60
DA:151,60
DA:152,60
DA:153,60
DA:154,60
DA:155,60
DA:157,86
DA:158,31
DA:159,31
DA:160,31
DA:161,31
DA:162,31
DA:163,31
DA:166,55
DA:167,55
DA:168,55
DA:169,55
DA:170,55
DA:171,55
DA:174,146
DA:175,7
DA:176,7
DA:178,7
DA:180,7
DA:183,62
DA:184,9
DA:186,62
DA:187,62
LF:111
LH:111
BRDA:17,0,0,9
BRDA:17,0,1,10
BRDA:28,1,0,7
BRDA:28,1,1,311
BRDA:29,2,0,4
BRDA:29,2,1,3
BRDA:29,3,0,7
BRDA:29,3,1,4
BRDA:37,4,0,9
BRDA:37,4,1,309
BRDA:38,5,0,2
BRDA:38,5,1,7
BRDA:38,6,0,9
BRDA:38,6,1,2
BRDA:50,7,0,4
BRDA:50,7,1,145
BRDA:52,8,0,1
BRDA:52,8,1,3
BRDA:57,9,0,3
BRDA:57,9,1,1
BRDA:62,10,0,1
BRDA:62,10,1,3
BRDA:70,11,0,5
BRDA:70,11,1,144
BRDA:71,12,0,1
BRDA:71,12,1,4
BRDA:76,13,0,1
BRDA:76,13,1,4
BRDA:81,14,0,1
BRDA:81,14,1,4
BRDA:94,15,0,3
BRDA:94,15,1,146
BRDA:97,16,0,3
BRDA:97,16,1,146
BRDA:100,17,0,2
BRDA:100,17,1,147
BRDA:107,18,0,1
BRDA:107,18,1,145
BRDA:107,19,0,146
BRDA:107,19,1,69
BRDA:119,20,0,117
BRDA:119,20,1,175
BRDA:120,21,0,30
BRDA:120,21,1,87
BRDA:123,22,0,36
BRDA:123,22,1,30
BRDA:124,23,0,18
BRDA:124,23,1,18
BRDA:149,24,0,60
BRDA:149,24,1,86
BRDA:157,25,0,31
BRDA:157,25,1,55
BRDA:174,26,0,7
BRDA:174,26,1,139
BRDA:183,27,0,9
BRDA:183,27,1,53
BRF:56
BRH:56
end_of_record
